<?xml version="1.0" encoding="UTF-8"?>
<!-- Generated by org.testng.reporters.JUnitXMLReporter -->
<testsuite hostname="LAPTOP-SJRN4F9M" ignored="0" name="Flipkart Getting the Headers and Footers" tests="2" failures="1" timestamp="24 Jul 2021 11:20:25 GMT" time="0.13" errors="0">
  <testcase name="LoginFlyout" time="0.06" classname="com.HomePage.Login_TC001">
    <failure type="java.lang.IllegalArgumentException" message="Input must be set">
      <![CDATA[java.lang.IllegalArgumentException: Input must be set
at org.openqa.selenium.internal.Require.nonNull(Require.java:56)
at org.openqa.selenium.support.ui.FluentWait.<init>(FluentWait.java:97)
at org.openqa.selenium.support.ui.WebDriverWait.<init>(WebDriverWait.java:128)
at org.openqa.selenium.support.ui.WebDriverWait.<init>(WebDriverWait.java:61)
at org.openqa.selenium.support.ui.WebDriverWait.<init>(WebDriverWait.java:48)
at com.HomePage.Login_TC001.LoginFlyout(Login_TC001.java:24)
... Removed 25 stack frames]]>
    </failure>
  </testcase> <!-- LoginFlyout -->
  <testcase name="ClosingFlyout" time="0.0" classname="com.HomePage.Login_TC001">
    <skipped/>
  </testcase> <!-- ClosingFlyout -->
</testsuite> <!-- Flipkart Getting the Headers and Footers -->
