<?xml version="1.0" encoding="UTF-8"?>
<!-- Generated by org.testng.reporters.JUnitXMLReporter -->
<testsuite ignored="0" hostname="LAPTOP-SJRN4F9M" failures="0" tests="3" name="Flipkart Getting the Headers and Footers" time="13.812" errors="0" timestamp="02 Jul 2021 15:02:10 GMT">
  <testcase classname="RunnerFiles.TestRunner" name="Test1" time="13.429"/>
  <testcase classname="RunnerFiles.TestRunner" name="Test2" time="0.073"/>
  <testcase classname="RunnerFiles.TestRunner" name="Test3" time="0.217"/>
</testsuite> <!-- Flipkart Getting the Headers and Footers -->
