<?xml version="1.0" encoding="UTF-8"?>
<!-- Generated by org.testng.reporters.JUnitXMLReporter -->
<testsuite ignored="0" hostname="LAPTOP-SJRN4F9M" failures="0" tests="3" name="Flipkar Testing" time="14.52" errors="0" timestamp="02 Jul 2021 14:55:46 GMT">
  <testcase classname="RunnerFiles.TestRunner" name="Test1" time="14.104"/>
  <testcase classname="RunnerFiles.TestRunner" name="Test2" time="0.121"/>
  <testcase classname="RunnerFiles.TestRunner" name="Test3" time="0.21"/>
</testsuite> <!-- Flipkar Testing -->
