<?xml version="1.0" encoding="UTF-8"?>
<!-- Generated by org.testng.reporters.JUnitXMLReporter -->
<testsuite ignored="0" hostname="LAPTOP-SJRN4F9M" failures="0" tests="3" name="Default test" time="13.309" errors="0" timestamp="02 Jul 2021 10:20:11 GMT">
  <testcase classname="RunnerFiles.TestRunner" name="Test1" time="12.985"/>
  <testcase classname="RunnerFiles.TestRunner" name="Test2" time="0.068"/>
  <testcase classname="RunnerFiles.TestRunner" name="Test3" time="0.172"/>
</testsuite> <!-- Default test -->
