<?xml version="1.0" encoding="UTF-8"?>
<!-- Generated by org.testng.reporters.JUnitXMLReporter -->
<testsuite hostname="LAPTOP-SJRN4F9M" ignored="0" name="Test" tests="5" failures="0" timestamp="19 Jul 2021 16:02:36 GMT" time="35.92" errors="0">
  <testcase name="Test1" time="0.01" classname="RunnerFiles.TestRunnerFooter"/>
  <testcase name="OrderMobile" time="25.673" classname="RunnerFiles.RunnerOrder"/>
  <testcase name="Test1" time="10.061" classname="RunnerFiles.TestRunner"/>
  <testcase name="Test2" time="0.027" classname="RunnerFiles.TestRunner"/>
  <testcase name="Test3" time="0.124" classname="RunnerFiles.TestRunner"/>
</testsuite> <!-- Test -->
