<?xml version="1.0" encoding="UTF-8"?>
<!-- Generated by org.testng.reporters.JUnitXMLReporter -->
<testsuite ignored="0" hostname="LAPTOP-SJRN4F9M" failures="0" tests="3" name="Flipkart Getting the Headers and Footers" time="16.898" errors="0" timestamp="04 Jul 2021 17:24:41 GMT">
  <testcase classname="RunnerFiles.TestRunner" name="Test1" time="16.551"/>
  <testcase classname="RunnerFiles.TestRunner" name="Test2" time="0.059"/>
  <testcase classname="RunnerFiles.TestRunner" name="Test3" time="0.208"/>
</testsuite> <!-- Flipkart Getting the Headers and Footers -->
