<?xml version="1.0" encoding="UTF-8"?>
<testng-results ignored="0" total="4" passed="4" failed="0" skipped="0">
  <reporter-output>
  </reporter-output>
  <suite started-at="2021-07-04T17:24:24Z" name="Flipkart maven Suite1" finished-at="2021-07-04T17:25:03Z" duration-ms="38629">
    <groups>
    </groups>
    <test started-at="2021-07-04T17:24:24Z" name="Flipkart Getting the Headers and Footers" finished-at="2021-07-04T17:24:41Z" duration-ms="16898">
      <class name="RunnerFiles.TestRunner">
        <test-method signature="Test1()[pri:1, instance:RunnerFiles.TestRunner@18d87d80]" started-at="2021-07-04T17:24:24Z" name="Test1" finished-at="2021-07-04T17:24:41Z" duration-ms="16551" status="PASS">
          <reporter-output>
          </reporter-output>
        </test-method> <!-- Test1 -->
        <test-method signature="Test2()[pri:2, instance:RunnerFiles.TestRunner@18d87d80]" started-at="2021-07-04T17:24:41Z" name="Test2" finished-at="2021-07-04T17:24:41Z" duration-ms="59" status="PASS">
          <reporter-output>
          </reporter-output>
        </test-method> <!-- Test2 -->
        <test-method signature="Test3()[pri:3, instance:RunnerFiles.TestRunner@18d87d80]" started-at="2021-07-04T17:24:41Z" name="Test3" finished-at="2021-07-04T17:24:41Z" duration-ms="208" status="PASS">
          <reporter-output>
          </reporter-output>
        </test-method> <!-- Test3 -->
      </class> <!-- RunnerFiles.TestRunner -->
    </test> <!-- Flipkart Getting the Headers and Footers -->
    <test started-at="2021-07-04T17:24:41Z" name="Flipkart Mobile Order" finished-at="2021-07-04T17:25:03Z" duration-ms="21632">
      <class name="RunnerFiles.RunnerOrder">
        <test-method signature="OrderMobile()[pri:0, instance:RunnerFiles.RunnerOrder@17497425]" started-at="2021-07-04T17:24:41Z" name="OrderMobile" finished-at="2021-07-04T17:25:03Z" duration-ms="21631" status="PASS">
          <reporter-output>
          </reporter-output>
        </test-method> <!-- OrderMobile -->
      </class> <!-- RunnerFiles.RunnerOrder -->
    </test> <!-- Flipkart Mobile Order -->
  </suite> <!-- Flipkart maven Suite1 -->
</testng-results>
