<?xml version="1.0" encoding="UTF-8"?>
<testng-results ignored="0" total="4" passed="4" failed="0" skipped="0">
  <reporter-output>
  </reporter-output>
  <suite started-at="2021-07-02T15:01:56Z" name="Flipkart maven Suite1" finished-at="2021-07-02T15:02:54Z" duration-ms="58902">
    <groups>
    </groups>
    <test started-at="2021-07-02T15:01:56Z" name="Flipkart Getting the Headers and Footers" finished-at="2021-07-02T15:02:09Z" duration-ms="13812">
      <class name="RunnerFiles.TestRunner">
        <test-method signature="Test1()[pri:1, instance:RunnerFiles.TestRunner@942a29c]" started-at="2021-07-02T15:01:56Z" name="Test1" finished-at="2021-07-02T15:02:09Z" duration-ms="13429" status="PASS">
          <reporter-output>
          </reporter-output>
        </test-method> <!-- Test1 -->
        <test-method signature="Test2()[pri:2, instance:RunnerFiles.TestRunner@942a29c]" started-at="2021-07-02T15:02:09Z" name="Test2" finished-at="2021-07-02T15:02:09Z" duration-ms="73" status="PASS">
          <reporter-output>
          </reporter-output>
        </test-method> <!-- Test2 -->
        <test-method signature="Test3()[pri:3, instance:RunnerFiles.TestRunner@942a29c]" started-at="2021-07-02T15:02:09Z" name="Test3" finished-at="2021-07-02T15:02:09Z" duration-ms="217" status="PASS">
          <reporter-output>
          </reporter-output>
        </test-method> <!-- Test3 -->
      </class> <!-- RunnerFiles.TestRunner -->
    </test> <!-- Flipkart Getting the Headers and Footers -->
    <test started-at="2021-07-02T15:02:10Z" name="Flipkart Mobile Order" finished-at="2021-07-02T15:02:54Z" duration-ms="44895">
      <class name="RunnerFiles.RunnerOrder">
        <test-method signature="OrderMobile()[pri:0, instance:RunnerFiles.RunnerOrder@738dc9b]" started-at="2021-07-02T15:02:10Z" name="OrderMobile" finished-at="2021-07-02T15:02:54Z" duration-ms="44889" status="PASS">
          <reporter-output>
          </reporter-output>
        </test-method> <!-- OrderMobile -->
      </class> <!-- RunnerFiles.RunnerOrder -->
    </test> <!-- Flipkart Mobile Order -->
  </suite> <!-- Flipkart maven Suite1 -->
</testng-results>
